<?xml version="1.0" encoding="utf-8"?><testsuites name="pytest tests"><testsuite name="pytest" errors="0" failures="0" skipped="0" tests="27" time="1.904" timestamp="2026-07-30T19:42:13.462000+00:00" hostname="agent-env-8f23861a-a2c1-4dc2-a58a-00dd46618a7d"><testcase classname="tests.test_logo_and_icons.TestPagesWrapLogoInLink" name="test_page_wraps_logo_in_link_to_root[pages/Landing.jsx]" time="0.001" /><testcase classname="tests.test_logo_and_icons.TestTransparentIcons" name="test_icon_file_has_transparent_pixels[/apple-touch-icon.png]" time="0.005" /><testcase classname="tests.test_logo_and_icons.TestPagesWrapLogoInLink" name="test_page_wraps_logo_in_link_to_root[pages/LoginPage.jsx]" time="0.000" /><testcase classname="tests.test_logo_and_icons.TestPagesWrapLogoInLink" name="test_page_wraps_logo_in_link_to_root[pages/ExamplesPage.jsx]" time="0.000" /><testcase classname="tests.test_logo_and_icons.TestPagesWrapLogoInLink" name="test_page_wraps_logo_in_link_to_root[pages/ManifestPage.jsx]" time="0.000" /><testcase classname="tests.test_logo_and_icons.TestPagesWrapLogoInLink" name="test_page_wraps_logo_in_link_to_root[pages/EthicsPage.jsx]" time="0.000" /><testcase classname="tests.test_logo_and_icons.TestPagesWrapLogoInLink" name="test_page_wraps_logo_in_link_to_root[pages/PricingPage.jsx]" time="0.000" /><testcase classname="tests.test_logo_and_icons.TestPagesWrapLogoInLink" name="test_page_wraps_logo_in_link_to_root[pages/PaymentStatusPage.jsx]" time="0.000" /><testcase classname="tests.test_logo_and_icons.TestTransparentIcons" name="test_icon_file_has_transparent_pixels[/bragarmal-mark-192.png]" time="0.001" /><testcase classname="tests.test_logo_and_icons.TestTransparentIcons" name="test_icon_file_has_transparent_pixels[/bragarmal-mark-512.png]" time="0.004" /><testcase classname="tests.test_logo_and_icons.TestPagesWrapLogoInLink" name="test_page_wraps_logo_in_link_to_root[components/AppShell.jsx]" time="0.000" /><testcase classname="tests.test_logo_and_icons.TestLogoComponentSource" name="test_logo_has_no_internal_link_wrapper" time="0.000" /><testcase classname="tests.test_logo_and_icons.TestLogoComponentSource" name="test_logo_has_alt_bragarmal" time="0.000" /><testcase classname="tests.test_logo_and_icons.TestFooterLogoLink" name="test_footer_has_logo_link_with_testid" time="0.000" /><testcase classname="tests.test_logo_and_icons.TestManifestWhiteBg" name="test_manifest_bg_and_theme_white" time="0.268" /><testcase classname="tests.test_logo_and_icons.TestTransparentIcons" name="test_icon_file_has_transparent_pixels[/bragarmal-mark.png]" time="0.004" /><testcase classname="tests.test_logo_and_icons.TestTransparentIcons" name="test_icon_file_has_transparent_pixels[/favicon-16.png]" time="0.000" /><testcase classname="tests.test_logo_and_icons.TestTransparentIcons" name="test_icon_file_has_transparent_pixels[/favicon-32.png]" time="0.000" /><testcase classname="tests.test_logo_and_icons.TestTransparentIcons" name="test_icon_served_has_transparent_pixels[/apple-touch-icon.png]" time="0.317" /><testcase classname="tests.test_logo_and_icons.TestTransparentIcons" name="test_icon_served_has_transparent_pixels[/bragarmal-mark-192.png]" time="0.196" /><testcase classname="tests.test_logo_and_icons.TestTransparentIcons" name="test_icon_served_has_transparent_pixels[/bragarmal-mark-512.png]" time="0.126" /><testcase classname="tests.test_logo_and_icons.TestTransparentIcons" name="test_icon_served_has_transparent_pixels[/bragarmal-mark.png]" time="0.130" /><testcase classname="tests.test_logo_and_icons.TestTransparentIcons" name="test_icon_served_has_transparent_pixels[/favicon-16.png]" time="0.150" /><testcase classname="tests.test_logo_and_icons.TestTransparentIcons" name="test_icon_served_has_transparent_pixels[/favicon-32.png]" time="0.119" /><testcase classname="tests.test_logo_and_icons.TestTransparentIcons" name="test_transparent_icon_size_bound[/apple-touch-icon.png-15]" time="0.126" /><testcase classname="tests.test_logo_and_icons.TestTransparentIcons" name="test_transparent_icon_size_bound[/bragarmal-mark-192.png-15]" time="0.111" /><testcase classname="tests.test_logo_and_icons.TestTransparentIcons" name="test_transparent_icon_size_bound[/bragarmal-mark-512.png-30]" time="0.162" /></testsuite></testsuites>