<?xml version="1.0" encoding="utf-8"?><testsuites name="pytest tests"><testsuite name="pytest" errors="0" failures="0" skipped="0" tests="11" time="1.602" timestamp="2026-08-05T05:19:38.405982+00:00" hostname="agent-env-8f23861a-a2c1-4dc2-a58a-00dd46618a7d"><testcase classname="tests.test_preview_health.TestPerformance" name="test_samples_endpoint_perf" time="0.675" /><testcase classname="tests.test_preview_health.TestProtectedPagesLoad" name="test_page_renders[/manuskript]" time="0.680" /><testcase classname="tests.test_preview_health.TestPerformance" name="test_manuscript_endpoint_perf" time="0.047" /><testcase classname="tests.test_preview_health.TestProtectedPagesLoad" name="test_page_renders[/karakterer]" time="0.047" /><testcase classname="tests.test_preview_health.TestPerformance" name="test_characters_endpoint_perf" time="0.048" /><testcase classname="tests.test_preview_health.TestProtectedPagesLoad" name="test_page_renders[/skriv]" time="0.052" /><testcase classname="tests.test_preview_health.TestSupervisorAndBasics" name="test_frontend_root_loads_fast" time="0.130" /><testcase classname="tests.test_preview_health.TestProtectedPagesLoad" name="test_page_renders[/prover]" time="0.052" /><testcase classname="tests.test_preview_health.TestProtectedPagesLoad" name="test_page_renders[/stemme]" time="0.047" /><testcase classname="tests.test_preview_health.TestSupervisorAndBasics" name="test_login_endpoint_responds" time="0.000" /><testcase classname="tests.test_preview_health.TestCharactersCRUD" name="test_character_create_list_delete" time="0.264" /></testsuite></testsuites>