<?xml version="1.0" encoding="utf-8"?><testsuites name="pytest tests"><testsuite name="pytest" errors="0" failures="0" skipped="0" tests="12" time="1.512" timestamp="2026-07-30T19:32:16.851024+00:00" hostname="agent-env-8f23861a-a2c1-4dc2-a58a-00dd46618a7d"><testcase classname="tests.test_pwa_static_assets.TestManifest" name="test_manifest_served_200" time="0.195" /><testcase classname="tests.test_pwa_static_assets.TestIconAssets" name="test_icon_served_200_png[/bragarmal-mark-192.png-expected_size0]" time="0.178" /><testcase classname="tests.test_pwa_static_assets.TestIconAssets" name="test_icon_served_200_png[/bragarmal-mark-512.png-expected_size1]" time="0.122" /><testcase classname="tests.test_pwa_static_assets.TestManifest" name="test_manifest_is_valid_json_with_white_colors" time="0.130" /><testcase classname="tests.test_pwa_static_assets.TestIconAssets" name="test_icon_served_200_png[/bragarmal-mark.png-expected_size2]" time="0.169" /><testcase classname="tests.test_pwa_static_assets.TestManifest" name="test_manifest_has_192_and_512_maskable_icons" time="0.123" /><testcase classname="tests.test_pwa_static_assets.TestIndexHtml" name="test_index_has_white_theme_color_meta" time="0.131" /><testcase classname="tests.test_pwa_static_assets.TestIconAssets" name="test_icon_served_200_png[/apple-touch-icon.png-expected_size3]" time="0.121" /><testcase classname="tests.test_pwa_static_assets.TestIndexHtml" name="test_index_links_manifest" time="0.124" /><testcase classname="tests.test_pwa_static_assets.TestIconAssets" name="test_icon_served_200_png[/favicon-16.png-expected_size4]" time="0.122" /><testcase classname="tests.test_pwa_static_assets.TestIconAssets" name="test_icon_served_200_png[/favicon-32.png-expected_size5]" time="0.213" /><testcase classname="tests.test_pwa_static_assets.TestIconAssets" name="test_favicon_ico_served" time="0.114" /></testsuite></testsuites>