<?xml version="1.0" encoding="utf-8"?><testsuites name="pytest tests"><testsuite name="pytest" errors="0" failures="0" skipped="1" tests="12" time="6.462" timestamp="2026-07-28T13:45:35.631090+00:00" hostname="agent-env-8f23861a-a2c1-4dc2-a58a-00dd46618a7d"><testcase classname="tests.test_billing_idn.TestStripeCatalog" name="test_price_exists[bragr_monthly_nok]" time="0.268" /><testcase classname="tests.test_billing_idn.TestCheckoutIDN" name="test_checkout_with_raw_idn_origin_returns_valid_url" time="1.471" /><testcase classname="tests.test_billing_idn.TestStripeCatalog" name="test_price_exists[bragr_yearly_nok]" time="0.057" /><testcase classname="tests.test_billing_idn.TestStripeCatalog" name="test_price_exists[bragr_monthly_founder]" time="0.057" /><testcase classname="tests.test_billing_idn.TestStripeCatalog" name="test_price_exists[bragr_yearly_founder]" time="0.054" /><testcase classname="tests.test_billing_idn.TestCheckoutErrors" name="test_unknown_lookup_key_returns_400" time="1.035" /><testcase classname="tests.test_billing_idn.TestCheckoutIDN" name="test_checkout_with_punycode_origin_returns_valid_url" time="1.163" /><testcase classname="tests.test_billing_idn.TestCheckoutErrors" name="test_unauthenticated_returns_401" time="0.112" /><testcase classname="tests.test_billing_idn.TestFounderEligibility" name="test_founder_lookup_blocked_for_late_signup" time="0.002"><skipped type="pytest.skip" message="Only 11 prior users — founder slots still open, cannot test 403 path">/app/backend/tests/test_billing_idn.py:207: Only 11 prior users — founder slots still open, cannot test 403 path</skipped></testcase><testcase classname="tests.test_billing_idn.TestBillingStatus" name="test_status_new_user_inactive" time="1.006" /><testcase classname="tests.test_billing_idn.TestCheckoutIDN" name="test_checkout_success_and_cancel_urls_are_ascii" time="2.074" /><testcase classname="tests.test_billing_idn.TestCheckoutIDN" name="test_checkout_yearly_nok_with_idn" time="1.036" /></testsuite></testsuites>