<?xml version="1.0" encoding="utf-8"?><testsuites name="pytest tests"><testsuite name="pytest" errors="0" failures="0" skipped="0" tests="23" time="27.967" timestamp="2026-07-27T08:32:56.276610+00:00" hostname="agent-env-8f23861a-a2c1-4dc2-a58a-00dd46618a7d"><testcase classname="tests.test_backend.TestSamples" name="test_create_paste_sample" time="0.821" /><testcase classname="tests.test_backend.TestGenerate" name="test_generate_prompt_streams" time="12.739" /><testcase classname="tests.test_backend.TestSamples" name="test_create_sample_too_short" time="0.110" /><testcase classname="tests.test_backend.TestSamples" name="test_upload_txt_sample" time="0.135" /><testcase classname="tests.test_backend.TestSamples" name="test_list_samples_user_isolation" time="0.238" /><testcase classname="tests.test_backend.TestSamples" name="test_delete_sample" time="0.245" /><testcase classname="tests.test_backend.TestSamples" name="test_delete_nonexistent" time="0.105" /><testcase classname="tests.test_backend.TestVoiceAnalysis" name="test_analyze_requires_samples" time="0.099" /><testcase classname="tests.test_backend.TestVoiceAnalysis" name="test_analyze_returns_profile" time="9.001" /><testcase classname="tests.test_backend.TestVoiceAnalysis" name="test_get_voice_profile" time="0.164" /><testcase classname="tests.test_backend.TestVoiceAnalysis" name="test_get_voice_profile_null_for_new_user" time="0.107" /><testcase classname="tests.test_backend.TestAuth" name="test_me_without_session_returns_401" time="0.105" /><testcase classname="tests.test_backend.TestAuth" name="test_me_with_invalid_token_returns_401" time="0.127" /><testcase classname="tests.test_backend.TestAuth" name="test_me_with_valid_session" time="0.098" /><testcase classname="tests.test_backend.TestDetect" name="test_detect_ai_markers_lower_score" time="0.144" /><testcase classname="tests.test_backend.TestDetect" name="test_detect_empty_text" time="0.128" /><testcase classname="tests.test_backend.TestDetect" name="test_detect_requires_auth" time="0.094" /><testcase classname="tests.test_backend.TestHealth" name="test_root" time="0.125" /><testcase classname="tests.test_backend.TestHealth" name="test_models_list" time="0.094" /><testcase classname="tests.test_backend.TestGenerate" name="test_generate_continue_streams" time="11.008" /><testcase classname="tests.test_backend.TestGenerate" name="test_generate_humanize_streams" time="2.954" /><testcase classname="tests.test_backend.TestGenerate" name="test_generate_invalid_model" time="0.096" /><testcase classname="tests.test_backend.TestGenerate" name="test_generate_requires_auth" time="0.098" /></testsuite></testsuites>